#! /c/iverilog/bin/vvp
:ivl_version "12.0 (devel)" "(s20150603-965-g55e06db6)";
:ivl_delay_selection "TYPICAL";
:vpi_time_precision + 0;
:vpi_module "C:\iverilog\lib\ivl\system.vpi";
:vpi_module "C:\iverilog\lib\ivl\vhdl_sys.vpi";
:vpi_module "C:\iverilog\lib\ivl\vhdl_textio.vpi";
:vpi_module "C:\iverilog\lib\ivl\v2005_math.vpi";
:vpi_module "C:\iverilog\lib\ivl\va_math.vpi";
S_0000000000f7fa20 .scope module, "tb" "tb" 2 6;
 .timescale 0 0;
v0000000000f73750_0 .var "clk", 0 0;
v0000000000f739d0_0 .var "counter", 4 0;
v0000000000f73ed0_0 .net "led0", 0 0, L_0000000000f6dcd0;  1 drivers
v0000000000f73a70_0 .net "led1", 0 0, L_0000000000f6d2c0;  1 drivers
v0000000000f74330_0 .net "pdm_signal", 0 0, v0000000000f74010_0;  1 drivers
v0000000000f743d0_0 .var "pdmclk", 0 0;
v0000000000f74510_0 .var "rst", 0 0;
E_0000000000f67ee0 .event posedge, v0000000000f74510_0, v0000000000f737f0_0;
S_0000000000f7fbb0 .scope module, "pdm" "vm3000" 2 16, 3 2 0, S_0000000000f7fa20;
 .timescale 0 0;
    .port_info 0 /INPUT 1 "inter_clk";
    .port_info 1 /INPUT 1 "PDMclk";
    .port_info 2 /OUTPUT 1 "LED_clk";
    .port_info 3 /OUTPUT 1 "LED_pdm";
    .port_info 4 /OUTPUT 1 "pdm_signal";
v0000000000f73930_0 .net "LED_clk", 0 0, L_0000000000f6dcd0;  alias, 1 drivers
v0000000000f74290_0 .net "LED_pdm", 0 0, L_0000000000f6d2c0;  alias, 1 drivers
v0000000000f73f70_0 .net "PDMclk", 0 0, v0000000000f743d0_0;  1 drivers
v0000000000f74470_0 .net "inter_clk", 0 0, v0000000000f73750_0;  1 drivers
v0000000000f73c50_0 .net "pdm_signal", 0 0, v0000000000f74010_0;  alias, 1 drivers
v0000000000f74150_0 .net "pidx", 2 0, v0000000000f741f0_0;  1 drivers
S_0000000000f7fd40 .scope module, "ctrl_m" "sysctrl" 3 15, 4 1 0, S_0000000000f7fbb0;
 .timescale 0 0;
    .port_info 0 /INPUT 1 "inter_clk";
    .port_info 1 /INPUT 1 "pdm_clk";
    .port_info 2 /OUTPUT 1 "LED_clk";
    .port_info 3 /OUTPUT 3 "pidx";
P_000000000112bbd0 .param/l "Idle" 0 5 1, +C4<00000000000000000000000000000000>;
P_000000000112bc08 .param/l "Shift" 0 5 2, +C4<00000000000000000000000000000001>;
P_000000000112bc40 .param/l "bound" 0 5 5, +C4<00000000000000001011111111111111>;
L_0000000000f6dcd0 .functor BUFZ 1, v0000000000f743d0_0, C4<0>, C4<0>, C4<0>;
v0000000000f6c260_0 .var "CS", 0 0;
v0000000000f76680_0 .net "LED_clk", 0 0, L_0000000000f6dcd0;  alias, 1 drivers
v0000000000f6c300_0 .var "NS", 0 0;
v0000000000f7b590_0 .var "cnt_en", 0 0;
v0000000000f7b630_0 .net "inter_clk", 0 0, v0000000000f73750_0;  alias, 1 drivers
v0000000000f737f0_0 .net "pdm_clk", 0 0, v0000000000f743d0_0;  alias, 1 drivers
v0000000000f741f0_0 .var "pidx", 2 0;
E_0000000000f676e0 .event posedge, v0000000000f737f0_0;
E_0000000000f67f60 .event edge, v0000000000f6c260_0;
E_0000000000f67620 .event edge, v0000000000f6c260_0, v0000000000f737f0_0;
E_0000000000f67f20 .event posedge, v0000000000f7b630_0;
S_0000000000f7b6d0 .scope module, "prom_m" "prom" 3 24, 6 1 0, S_0000000000f7fbb0;
 .timescale 0 0;
    .port_info 0 /INPUT 1 "clk";
    .port_info 1 /INPUT 3 "pidx";
    .port_info 2 /OUTPUT 1 "LED_pdm";
    .port_info 3 /OUTPUT 1 "out_pattern";
P_0000000000f679e0 .param/l "pattern" 0 6 7, C4<01011010>;
L_0000000000f6d2c0 .functor BUFZ 1, v0000000000f74010_0, C4<0>, C4<0>, C4<0>;
v0000000000f73d90_0 .net "LED_pdm", 0 0, L_0000000000f6d2c0;  alias, 1 drivers
v0000000000f73890_0 .net "clk", 0 0, v0000000000f743d0_0;  alias, 1 drivers
v0000000000f74010_0 .var "out_pattern", 0 0;
v0000000000f740b0_0 .net "pidx", 2 0, v0000000000f741f0_0;  alias, 1 drivers
    .scope S_0000000000f7fd40;
T_0 ;
    %wait E_0000000000f67f20;
    %load/vec4 v0000000000f6c300_0;
    %assign/vec4 v0000000000f6c260_0, 0;
    %jmp T_0;
    .thread T_0;
    .scope S_0000000000f7fd40;
T_1 ;
    %wait E_0000000000f67620;
    %load/vec4 v0000000000f6c260_0;
    %dup/vec4;
    %pushi/vec4 0, 0, 1;
    %cmp/u;
    %jmp/1 T_1.0, 6;
    %dup/vec4;
    %pushi/vec4 1, 0, 1;
    %cmp/u;
    %jmp/1 T_1.1, 6;
    %pushi/vec4 0, 0, 1;
    %store/vec4 v0000000000f6c300_0, 0, 1;
    %jmp T_1.3;
T_1.0 ;
    %load/vec4 v0000000000f737f0_0;
    %flag_set/vec4 8;
    %jmp/0xz  T_1.4, 8;
    %pushi/vec4 1, 0, 1;
    %store/vec4 v0000000000f6c300_0, 0, 1;
    %jmp T_1.5;
T_1.4 ;
    %pushi/vec4 0, 0, 1;
    %store/vec4 v0000000000f6c300_0, 0, 1;
T_1.5 ;
    %jmp T_1.3;
T_1.1 ;
    %pushi/vec4 1, 0, 1;
    %store/vec4 v0000000000f6c300_0, 0, 1;
    %jmp T_1.3;
T_1.3 ;
    %pop/vec4 1;
    %jmp T_1;
    .thread T_1, $push;
    .scope S_0000000000f7fd40;
T_2 ;
    %wait E_0000000000f67f60;
    %load/vec4 v0000000000f6c260_0;
    %dup/vec4;
    %pushi/vec4 0, 0, 1;
    %cmp/u;
    %jmp/1 T_2.0, 6;
    %dup/vec4;
    %pushi/vec4 1, 0, 1;
    %cmp/u;
    %jmp/1 T_2.1, 6;
    %pushi/vec4 0, 0, 1;
    %store/vec4 v0000000000f7b590_0, 0, 1;
    %jmp T_2.3;
T_2.0 ;
    %pushi/vec4 0, 0, 1;
    %store/vec4 v0000000000f7b590_0, 0, 1;
    %jmp T_2.3;
T_2.1 ;
    %pushi/vec4 1, 0, 1;
    %store/vec4 v0000000000f7b590_0, 0, 1;
    %jmp T_2.3;
T_2.3 ;
    %pop/vec4 1;
    %jmp T_2;
    .thread T_2, $push;
    .scope S_0000000000f7fd40;
T_3 ;
    %wait E_0000000000f676e0;
    %load/vec4 v0000000000f6c260_0;
    %pad/u 32;
    %cmpi/e 0, 0, 32;
    %jmp/0xz  T_3.0, 4;
    %pushi/vec4 0, 0, 3;
    %assign/vec4 v0000000000f741f0_0, 0;
    %jmp T_3.1;
T_3.0 ;
    %load/vec4 v0000000000f741f0_0;
    %cmpi/e 7, 0, 3;
    %jmp/0xz  T_3.2, 4;
    %pushi/vec4 0, 0, 3;
    %assign/vec4 v0000000000f741f0_0, 0;
    %jmp T_3.3;
T_3.2 ;
    %load/vec4 v0000000000f7b590_0;
    %flag_set/vec4 8;
    %jmp/0xz  T_3.4, 8;
    %load/vec4 v0000000000f741f0_0;
    %addi 1, 0, 3;
    %assign/vec4 v0000000000f741f0_0, 0;
T_3.4 ;
T_3.3 ;
T_3.1 ;
    %jmp T_3;
    .thread T_3;
    .scope S_0000000000f7b6d0;
T_4 ;
    %wait E_0000000000f676e0;
    %load/vec4 v0000000000f740b0_0;
    %dup/vec4;
    %pushi/vec4 0, 0, 3;
    %cmp/u;
    %jmp/1 T_4.0, 6;
    %dup/vec4;
    %pushi/vec4 1, 0, 3;
    %cmp/u;
    %jmp/1 T_4.1, 6;
    %dup/vec4;
    %pushi/vec4 2, 0, 3;
    %cmp/u;
    %jmp/1 T_4.2, 6;
    %dup/vec4;
    %pushi/vec4 3, 0, 3;
    %cmp/u;
    %jmp/1 T_4.3, 6;
    %dup/vec4;
    %pushi/vec4 4, 0, 3;
    %cmp/u;
    %jmp/1 T_4.4, 6;
    %dup/vec4;
    %pushi/vec4 5, 0, 3;
    %cmp/u;
    %jmp/1 T_4.5, 6;
    %dup/vec4;
    %pushi/vec4 6, 0, 3;
    %cmp/u;
    %jmp/1 T_4.6, 6;
    %dup/vec4;
    %pushi/vec4 7, 0, 3;
    %cmp/u;
    %jmp/1 T_4.7, 6;
    %jmp T_4.8;
T_4.0 ;
    %pushi/vec4 0, 0, 1;
    %assign/vec4 v0000000000f74010_0, 0;
    %jmp T_4.8;
T_4.1 ;
    %pushi/vec4 1, 0, 1;
    %assign/vec4 v0000000000f74010_0, 0;
    %jmp T_4.8;
T_4.2 ;
    %pushi/vec4 0, 0, 1;
    %assign/vec4 v0000000000f74010_0, 0;
    %jmp T_4.8;
T_4.3 ;
    %pushi/vec4 1, 0, 1;
    %assign/vec4 v0000000000f74010_0, 0;
    %jmp T_4.8;
T_4.4 ;
    %pushi/vec4 1, 0, 1;
    %assign/vec4 v0000000000f74010_0, 0;
    %jmp T_4.8;
T_4.5 ;
    %pushi/vec4 0, 0, 1;
    %assign/vec4 v0000000000f74010_0, 0;
    %jmp T_4.8;
T_4.6 ;
    %pushi/vec4 1, 0, 1;
    %assign/vec4 v0000000000f74010_0, 0;
    %jmp T_4.8;
T_4.7 ;
    %pushi/vec4 0, 0, 1;
    %assign/vec4 v0000000000f74010_0, 0;
    %jmp T_4.8;
T_4.8 ;
    %pop/vec4 1;
    %jmp T_4;
    .thread T_4;
    .scope S_0000000000f7fa20;
T_5 ;
    %pushi/vec4 0, 0, 1;
    %store/vec4 v0000000000f743d0_0, 0, 1;
T_5.0 ;
    %delay 333, 0;
    %pushi/vec4 1, 0, 1;
    %store/vec4 v0000000000f743d0_0, 0, 1;
    %vpi_call 2 30 "$display", "pdm_signal = %b , led0 = %b , led1 = %b \012 ", v0000000000f74330_0, v0000000000f73ed0_0, v0000000000f73a70_0 {0 0 0};
    %delay 333, 0;
    %pushi/vec4 0, 0, 1;
    %store/vec4 v0000000000f743d0_0, 0, 1;
    %vpi_call 2 33 "$display", "pdm_signal = %b , led0 = %b , led1 = %b \012 ", v0000000000f74330_0, v0000000000f73ed0_0, v0000000000f73a70_0 {0 0 0};
    %jmp T_5.0;
    %end;
    .thread T_5;
    .scope S_0000000000f7fa20;
T_6 ;
    %pushi/vec4 0, 0, 1;
    %store/vec4 v0000000000f73750_0, 0, 1;
T_6.0 ;
    %delay 5, 0;
    %pushi/vec4 1, 0, 1;
    %store/vec4 v0000000000f73750_0, 0, 1;
    %delay 5, 0;
    %pushi/vec4 0, 0, 1;
    %store/vec4 v0000000000f73750_0, 0, 1;
    %jmp T_6.0;
    %end;
    .thread T_6;
    .scope S_0000000000f7fa20;
T_7 ;
    %delay 20, 0;
    %pushi/vec4 1, 0, 1;
    %store/vec4 v0000000000f74510_0, 0, 1;
    %delay 10, 0;
    %pushi/vec4 0, 0, 1;
    %store/vec4 v0000000000f74510_0, 0, 1;
    %end;
    .thread T_7;
    .scope S_0000000000f7fa20;
T_8 ;
    %vpi_call 2 55 "$dumpfile", "dump.vcd" {0 0 0};
    %vpi_call 2 56 "$dumpvars" {0 0 0};
    %end;
    .thread T_8;
    .scope S_0000000000f7fa20;
T_9 ;
    %wait E_0000000000f67ee0;
    %load/vec4 v0000000000f74510_0;
    %flag_set/vec4 8;
    %jmp/0xz  T_9.0, 8;
    %pushi/vec4 0, 0, 5;
    %store/vec4 v0000000000f739d0_0, 0, 5;
    %jmp T_9.1;
T_9.0 ;
    %load/vec4 v0000000000f739d0_0;
    %cmpi/u 15, 0, 5;
    %jmp/0xz  T_9.2, 5;
    %load/vec4 v0000000000f739d0_0;
    %addi 1, 0, 5;
    %store/vec4 v0000000000f739d0_0, 0, 5;
    %jmp T_9.3;
T_9.2 ;
    %load/vec4 v0000000000f739d0_0;
    %cmpi/e 15, 0, 5;
    %jmp/0xz  T_9.4, 4;
    %vpi_call 2 65 "$finish" {0 0 0};
T_9.4 ;
T_9.3 ;
T_9.1 ;
    %jmp T_9;
    .thread T_9;
# The file index is used to find the file name in the following table.
:file_names 7;
    "N/A";
    "<interactive>";
    "tb.v";
    "./pdm.v";
    "./sysctrl.v";
    "./Param.v";
    "./prom.v";
